2019-12-25 09:43:41  [ pool-2-thread-14:0 ] - [ INFO ]  java.lang.RuntimeException
2019-12-25 09:43:53  [ pool-2-thread-16:11721 ] - [ INFO ]  java.lang.RuntimeException
2019-12-25 09:47:32  [ pool-2-thread-14:0 ] - [ INFO ]  java.lang.RuntimeException
2019-12-25 09:50:53  [ pool-2-thread-14:0 ] - [ INFO ]  java.lang.RuntimeException
2019-12-25 09:52:21  [ pool-2-thread-14:0 ] - [ INFO ]  com.google.gson.JsonSyntaxException: com.google.gson.stream.MalformedJsonException: Use JsonReader.setLenient(true) to accept malformed JSON at line 1 column 16227 path $
2019-12-25 09:54:02  [ pool-2-thread-14:0 ] - [ INFO ]  com.google.gson.JsonSyntaxException: com.google.gson.stream.MalformedJsonException: Use JsonReader.setLenient(true) to accept malformed JSON at line 1 column 16227 path $
2019-12-25 09:54:43  [ pool-2-thread-14:1 ] - [ INFO ]  com.google.gson.JsonSyntaxException: com.google.gson.stream.MalformedJsonException: Use JsonReader.setLenient(true) to accept malformed JSON at line 1 column 16227 path $
2019-12-25 09:58:19  [ pool-2-thread-16:0 ] - [ INFO ]  http://www.bilibili.com/video/av18809928?p=1  Download Completed 
2019-12-25 11:28:14  [ pool-2-thread-22:0 ] - [ INFO ]  http://www.bilibili.com/video/av11361088?p=2  Download Completed 
2019-12-25 11:30:56  [ pool-2-thread-18:161087 ] - [ INFO ]  http://www.bilibili.com/video/av11361088?p=1  Download Completed 
2019-12-25 11:33:25  [ pool-2-thread-23:310474 ] - [ INFO ]  http://www.bilibili.com/video/av11361088?p=12  Download Completed 
2019-12-25 11:33:44  [ pool-2-thread-18:329348 ] - [ INFO ]  http://www.bilibili.com/video/av11361088?p=14  Download Completed 
2019-12-25 11:34:20  [ pool-2-thread-14:365403 ] - [ INFO ]  http://www.bilibili.com/video/av11361088?p=8  Download Completed 
2019-12-25 11:34:32  [ pool-2-thread-16:378011 ] - [ INFO ]  http://www.bilibili.com/video/av11361088?p=7  Download Completed 
2019-12-25 11:56:31  [ pool-3-thread-3:1 ] - [ INFO ]  开始下载 : http://www.bilibili.com/video/av11361088?p=10
2019-12-25 11:56:32  [ pool-3-thread-4:1066 ] - [ INFO ]  开始下载 : http://www.bilibili.com/video/av11361088?p=2
2019-12-25 11:56:33  [ pool-3-thread-5:2338 ] - [ INFO ]  开始下载 : http://www.bilibili.com/video/av11361088?p=8
2019-12-25 11:57:31  [ pool-3-thread-6:60174 ] - [ INFO ]  开始下载 : http://www.bilibili.com/video/av11361088?p=9
2019-12-25 11:57:33  [ pool-3-thread-7:61906 ] - [ INFO ]  开始下载 : http://www.bilibili.com/video/av11361088?p=7
2019-12-25 11:57:33  [ pool-3-thread-8:61918 ] - [ INFO ]  开始下载 : http://www.bilibili.com/video/av11361088?p=3
2019-12-25 12:02:07  [ pool-3-thread-4:336301 ] - [ INFO ]  http://www.bilibili.com/video/av11361088?p=2  Download Completed 
2019-12-25 12:02:07  [ pool-3-thread-4:336308 ] - [ INFO ]  下载成功 : http://www.bilibili.com/video/av11361088?p=2
2019-12-25 12:06:06  [ pool-3-thread-8:575498 ] - [ INFO ]  http://www.bilibili.com/video/av11361088?p=3  Download Completed 
2019-12-25 12:06:07  [ pool-3-thread-8:576575 ] - [ INFO ]  下载成功 : http://www.bilibili.com/video/av11361088?p=3
2019-12-25 12:06:07  [ pool-3-thread-8:576576 ] - [ INFO ]  开始下载 : http://www.bilibili.com/video/av11361088?p=6
2019-12-25 12:06:07  [ pool-3-thread-9:576577 ] - [ INFO ]  开始下载 : http://www.bilibili.com/video/av11361088?p=1
2019-12-25 12:06:07  [ pool-3-thread-10:576579 ] - [ INFO ]  开始下载 : http://www.bilibili.com/video/av11361088?p=5
2019-12-25 12:08:38  [ pool-3-thread-7:726924 ] - [ INFO ]  http://www.bilibili.com/video/av11361088?p=7  Download Completed 
2019-12-25 12:08:39  [ pool-3-thread-7:727991 ] - [ INFO ]  下载成功 : http://www.bilibili.com/video/av11361088?p=7
2019-12-25 12:08:39  [ pool-3-thread-7:727991 ] - [ INFO ]  开始下载 : http://www.bilibili.com/video/av11361088?p=12
2019-12-25 12:11:39  [ pool-3-thread-5:908473 ] - [ INFO ]  http://www.bilibili.com/video/av11361088?p=8  Download Completed 
2019-12-25 12:11:41  [ pool-3-thread-5:909755 ] - [ INFO ]  下载成功 : http://www.bilibili.com/video/av11361088?p=8
2019-12-25 12:11:41  [ pool-3-thread-5:909755 ] - [ INFO ]  开始下载 : http://www.bilibili.com/video/av11361088?p=11
2019-12-25 12:11:56  [ pool-3-thread-6:925101 ] - [ INFO ]  http://www.bilibili.com/video/av11361088?p=9  Download Completed 
2019-12-25 12:11:58  [ pool-3-thread-6:927414 ] - [ INFO ]  下载成功 : http://www.bilibili.com/video/av11361088?p=9
2019-12-25 12:11:58  [ pool-3-thread-6:927415 ] - [ INFO ]  开始下载 : http://www.bilibili.com/video/av11361088?p=4
2019-12-25 12:13:42  [ pool-3-thread-3:1030938 ] - [ INFO ]  http://www.bilibili.com/video/av11361088?p=10  Download Completed 
2019-12-25 12:13:44  [ pool-3-thread-3:1033026 ] - [ INFO ]  下载成功 : http://www.bilibili.com/video/av11361088?p=10
2019-12-25 12:13:44  [ pool-3-thread-3:1033026 ] - [ INFO ]  开始下载 : http://www.bilibili.com/video/av11361088?p=23
2019-12-25 12:13:57  [ pool-3-thread-10:1046128 ] - [ INFO ]  http://www.bilibili.com/video/av11361088?p=5  Download Completed 
2019-12-25 12:13:58  [ pool-3-thread-10:1047315 ] - [ INFO ]  下载成功 : http://www.bilibili.com/video/av11361088?p=5
2019-12-25 12:13:58  [ pool-3-thread-10:1047315 ] - [ INFO ]  开始下载 : http://www.bilibili.com/video/av11361088?p=16
2019-12-25 12:14:25  [ pool-3-thread-7:1074225 ] - [ INFO ]  http://www.bilibili.com/video/av11361088?p=12  Download Completed 
2019-12-25 12:14:25  [ pool-3-thread-7:1074234 ] - [ INFO ]  下载成功 : http://www.bilibili.com/video/av11361088?p=12
2019-12-25 12:14:25  [ pool-3-thread-7:1074234 ] - [ INFO ]  开始下载 : http://www.bilibili.com/video/av11361088?p=17
2019-12-25 12:15:26  [ pool-3-thread-9:1134957 ] - [ INFO ]  http://www.bilibili.com/video/av11361088?p=1  Download Completed 
2019-12-25 12:15:27  [ pool-3-thread-9:1135982 ] - [ INFO ]  下载成功 : http://www.bilibili.com/video/av11361088?p=1
2019-12-25 12:15:27  [ pool-3-thread-9:1135982 ] - [ INFO ]  开始下载 : http://www.bilibili.com/video/av11361088?p=18
2019-12-25 12:16:06  [ pool-3-thread-7:1175005 ] - [ INFO ]  http://www.bilibili.com/video/av11361088?p=17  Download Completed 
2019-12-25 12:16:06  [ pool-3-thread-7:1175009 ] - [ INFO ]  下载成功 : http://www.bilibili.com/video/av11361088?p=17
2019-12-25 12:16:06  [ pool-3-thread-7:1175009 ] - [ INFO ]  开始下载 : http://www.bilibili.com/video/av11361088?p=15
2019-12-25 12:16:19  [ pool-3-thread-10:1188417 ] - [ INFO ]  http://www.bilibili.com/video/av11361088?p=16  Download Completed 
2019-12-25 12:16:19  [ pool-3-thread-10:1188427 ] - [ INFO ]  下载成功 : http://www.bilibili.com/video/av11361088?p=16
2019-12-25 12:16:19  [ pool-3-thread-10:1188428 ] - [ INFO ]  开始下载 : http://www.bilibili.com/video/av11361088?p=14
2019-12-25 12:18:37  [ pool-3-thread-9:1326400 ] - [ INFO ]  http://www.bilibili.com/video/av11361088?p=18  Download Completed 
2019-12-25 12:18:37  [ pool-3-thread-9:1326412 ] - [ INFO ]  下载成功 : http://www.bilibili.com/video/av11361088?p=18
2019-12-25 12:18:37  [ pool-3-thread-9:1326412 ] - [ INFO ]  开始下载 : http://www.bilibili.com/video/av11361088?p=20
2019-12-25 12:18:43  [ pool-3-thread-10:1331878 ] - [ INFO ]  http://www.bilibili.com/video/av11361088?p=14  Download Completed 
2019-12-25 12:18:43  [ pool-3-thread-10:1331884 ] - [ INFO ]  下载成功 : http://www.bilibili.com/video/av11361088?p=14
2019-12-25 12:18:43  [ pool-3-thread-10:1331884 ] - [ INFO ]  开始下载 : http://www.bilibili.com/video/av11361088?p=22
2019-12-25 12:19:59  [ pool-3-thread-6:1407660 ] - [ INFO ]  http://www.bilibili.com/video/av11361088?p=4  Download Completed 
2019-12-25 12:20:00  [ pool-3-thread-6:1409288 ] - [ INFO ]  下载成功 : http://www.bilibili.com/video/av11361088?p=4
2019-12-25 12:20:00  [ pool-3-thread-6:1409288 ] - [ INFO ]  开始下载 : http://www.bilibili.com/video/av11361088?p=24
2019-12-25 12:20:24  [ pool-3-thread-10:1433585 ] - [ INFO ]  http://www.bilibili.com/video/av11361088?p=22  Download Completed 
2019-12-25 12:20:24  [ pool-3-thread-10:1433590 ] - [ INFO ]  下载成功 : http://www.bilibili.com/video/av11361088?p=22
2019-12-25 12:20:24  [ pool-3-thread-10:1433591 ] - [ INFO ]  开始下载 : http://www.bilibili.com/video/av11361088?p=25
2019-12-25 12:22:08  [ pool-3-thread-5:1537013 ] - [ INFO ]  http://www.bilibili.com/video/av11361088?p=11  Download Completed 
2019-12-25 12:22:09  [ pool-3-thread-5:1538356 ] - [ INFO ]  下载成功 : http://www.bilibili.com/video/av11361088?p=11
2019-12-25 12:22:30  [ pool-3-thread-10:1559238 ] - [ INFO ]  http://www.bilibili.com/video/av11361088?p=25  Download Completed 
2019-12-25 12:22:30  [ pool-3-thread-10:1559243 ] - [ INFO ]  下载成功 : http://www.bilibili.com/video/av11361088?p=25
2019-12-25 12:22:52  [ pool-3-thread-7:1581581 ] - [ INFO ]  http://www.bilibili.com/video/av11361088?p=15  Download Completed 
2019-12-25 12:22:54  [ pool-3-thread-7:1582818 ] - [ INFO ]  下载成功 : http://www.bilibili.com/video/av11361088?p=15
2019-12-25 12:22:54  [ pool-3-thread-11:1582857 ] - [ INFO ]  开始下载 : http://www.bilibili.com/video/av11361088?p=19
2019-12-25 12:22:54  [ pool-3-thread-12:1582870 ] - [ INFO ]  开始下载 : http://www.bilibili.com/video/av11361088?p=13
2019-12-25 12:22:54  [ pool-3-thread-13:1582872 ] - [ INFO ]  开始下载 : http://www.bilibili.com/video/av11361088?p=29
2019-12-25 12:25:08  [ pool-3-thread-6:1716941 ] - [ INFO ]  http://www.bilibili.com/video/av11361088?p=24  Download Completed 
2019-12-25 12:25:08  [ pool-3-thread-6:1716955 ] - [ INFO ]  下载成功 : http://www.bilibili.com/video/av11361088?p=24
2019-12-25 12:25:08  [ pool-3-thread-6:1716955 ] - [ INFO ]  开始下载 : http://www.bilibili.com/video/av11361088?p=26
2019-12-25 12:26:02  [ pool-3-thread-12:1771259 ] - [ INFO ]  http://www.bilibili.com/video/av11361088?p=13  Download Completed 
2019-12-25 12:26:02  [ pool-3-thread-12:1771265 ] - [ INFO ]  下载成功 : http://www.bilibili.com/video/av11361088?p=13
2019-12-25 12:26:02  [ pool-3-thread-12:1771265 ] - [ INFO ]  开始下载 : http://www.bilibili.com/video/av11361088?p=31
2019-12-25 12:26:10  [ pool-3-thread-8:1779569 ] - [ INFO ]  http://www.bilibili.com/video/av11361088?p=6  Download Completed 
2019-12-25 12:26:12  [ pool-3-thread-8:1781416 ] - [ INFO ]  下载成功 : http://www.bilibili.com/video/av11361088?p=6
2019-12-25 12:26:12  [ pool-3-thread-8:1781416 ] - [ INFO ]  开始下载 : http://www.bilibili.com/video/av11361088?p=30
2019-12-25 12:30:44  [ pool-3-thread-12:2053480 ] - [ INFO ]  http://www.bilibili.com/video/av11361088?p=31  Download Completed 
2019-12-25 12:30:44  [ pool-3-thread-12:2053497 ] - [ INFO ]  下载成功 : http://www.bilibili.com/video/av11361088?p=31
2019-12-25 12:30:44  [ pool-3-thread-12:2053497 ] - [ INFO ]  开始下载 : http://www.bilibili.com/video/av11361088?p=35
2019-12-25 12:31:55  [ pool-3-thread-6:2123826 ] - [ INFO ]  http://www.bilibili.com/video/av11361088?p=26  Download Completed 
2019-12-25 12:31:56  [ pool-3-thread-6:2125029 ] - [ INFO ]  下载成功 : http://www.bilibili.com/video/av11361088?p=26
2019-12-25 12:31:56  [ pool-3-thread-6:2125029 ] - [ INFO ]  开始下载 : http://www.bilibili.com/video/av11361088?p=34
2019-12-25 12:32:14  [ pool-3-thread-11:2143313 ] - [ INFO ]  http://www.bilibili.com/video/av11361088?p=19  Download Completed 
2019-12-25 12:32:15  [ pool-3-thread-11:2144356 ] - [ INFO ]  下载成功 : http://www.bilibili.com/video/av11361088?p=19
2019-12-25 12:32:15  [ pool-3-thread-11:2144357 ] - [ INFO ]  开始下载 : http://www.bilibili.com/video/av11361088?p=32
2019-12-25 12:35:42  [ pool-3-thread-9:2351601 ] - [ INFO ]  http://www.bilibili.com/video/av11361088?p=20  Download Completed 
2019-12-25 12:35:43  [ pool-3-thread-9:2352342 ] - [ INFO ]  下载成功 : http://www.bilibili.com/video/av11361088?p=20
2019-12-25 12:35:43  [ pool-3-thread-9:2352343 ] - [ INFO ]  开始下载 : http://www.bilibili.com/video/av11361088?p=37
2019-12-25 12:37:50  [ pool-3-thread-8:2479295 ] - [ INFO ]  http://www.bilibili.com/video/av11361088?p=30  Download Completed 
2019-12-25 12:37:52  [ pool-3-thread-8:2480756 ] - [ INFO ]  下载成功 : http://www.bilibili.com/video/av11361088?p=30
2019-12-25 12:37:52  [ pool-3-thread-8:2480756 ] - [ INFO ]  开始下载 : http://www.bilibili.com/video/av11361088?p=27
2019-12-25 12:38:36  [ pool-3-thread-13:2525492 ] - [ INFO ]  http://www.bilibili.com/video/av11361088?p=29  Download Completed 
2019-12-25 12:38:38  [ pool-3-thread-13:2527540 ] - [ INFO ]  下载成功 : http://www.bilibili.com/video/av11361088?p=29
2019-12-25 12:38:38  [ pool-3-thread-13:2527540 ] - [ INFO ]  开始下载 : http://www.bilibili.com/video/av11361088?p=33
2019-12-25 12:42:55  [ pool-3-thread-4:0 ] - [ INFO ]  开始下载 : http://www.bilibili.com/video/av11361088?p=5
2019-12-25 12:42:55  [ pool-3-thread-3:29 ] - [ INFO ]  开始下载 : http://www.bilibili.com/video/av11361088?p=3
2019-12-25 12:42:55  [ pool-3-thread-7:201 ] - [ INFO ]  开始下载 : http://www.bilibili.com/video/av11361088?p=1
2019-12-25 12:42:55  [ pool-3-thread-5:201 ] - [ INFO ]  开始下载 : http://www.bilibili.com/video/av11361088?p=8
2019-12-25 12:42:55  [ pool-3-thread-6:201 ] - [ INFO ]  开始下载 : http://www.bilibili.com/video/av11361088?p=9
2019-12-25 12:48:56  [ pool-3-thread-3:360928 ] - [ INFO ]  http://www.bilibili.com/video/av11361088?p=3  Download Completed 
2019-12-25 12:48:57  [ pool-3-thread-3:362099 ] - [ INFO ]  下载成功 : http://www.bilibili.com/video/av11361088?p=3
2019-12-25 12:48:57  [ pool-3-thread-10:362099 ] - [ INFO ]  开始下载 : http://www.bilibili.com/video/av11361088?p=10
2019-12-25 12:48:59  [ pool-3-thread-7:364249 ] - [ INFO ]  http://www.bilibili.com/video/av11361088?p=1  Download Completed 
2019-12-25 12:49:01  [ pool-3-thread-7:365436 ] - [ INFO ]  下载成功 : http://www.bilibili.com/video/av11361088?p=1
2019-12-25 12:49:01  [ pool-3-thread-11:365437 ] - [ INFO ]  开始下载 : http://www.bilibili.com/video/av11361088?p=7
2019-12-25 12:49:53  [ pool-3-thread-5:418349 ] - [ INFO ]  http://www.bilibili.com/video/av11361088?p=8  Download Completed 
2019-12-25 12:49:56  [ pool-3-thread-5:420868 ] - [ INFO ]  下载成功 : http://www.bilibili.com/video/av11361088?p=8
2019-12-25 12:49:56  [ pool-3-thread-14:420870 ] - [ INFO ]  开始下载 : http://www.bilibili.com/video/av11361088?p=11
2019-12-25 12:51:34  [ pool-3-thread-4:518544 ] - [ INFO ]  http://www.bilibili.com/video/av11361088?p=5  Download Completed 
2019-12-25 12:51:36  [ pool-3-thread-4:520494 ] - [ INFO ]  下载成功 : http://www.bilibili.com/video/av11361088?p=5
2019-12-25 12:51:36  [ pool-3-thread-15:520531 ] - [ INFO ]  开始下载 : http://www.bilibili.com/video/av11361088?p=4
